<?xml version="1.0" encoding="UTF-8"?>
<!-- Generated by org.testng.reporters.JUnitReportReporter -->
<testsuite hostname="DESKTOP-9QO1731" failures="0" tests="3" name="day34.SecondTest" time="14.940" errors="0" timestamp="2023-07-24T11:53:38 MST" skipped="0">
  <testcase classname="day34.SecondTest" name="openApp" time="13.889"/>
  <testcase classname="day34.SecondTest" name="login" time="0.858"/>
  <testcase classname="day34.SecondTest" name="close" time="0.193"/>
</testsuite> <!-- day34.SecondTest -->
