<?xml version="1.0" encoding="UTF-8"?>
<!-- Generated by org.testng.reporters.JUnitReportReporter -->
<testsuite hostname="DESKTOP-9QO1731" failures="0" tests="3" name="day34.FirstTest" time="0.022" errors="0" timestamp="2023-07-20T15:25:17 MST" skipped="0">
  <testcase classname="day34.FirstTest" name="test2" time="0.003"/>
  <testcase classname="day34.FirstTest" name="test1" time="0.016"/>
  <testcase classname="day34.FirstTest" name="test3" time="0.003"/>
</testsuite> <!-- day34.FirstTest -->
